<?xml version="1.0" encoding="UTF-8"?>
<testsuite name="upperBound - target 초과인 첫 위치" tests="8" skipped="0" failures="0" errors="0" timestamp="2026-01-09T04:11:12" hostname="iyunbog-ui-Macmini.local" time="0.008">
  <properties/>
  <testcase name="모든 요소가 같은 경우" classname="study.search.BinarySearchTest$UpperBoundTest" time="0.0"/>
  <testcase name="기본 케이스: 중복 없는 배열" classname="study.search.BinarySearchTest$UpperBoundTest" time="0.001"/>
  <testcase name="target이 배열에 없는 경우" classname="study.search.BinarySearchTest$UpperBoundTest" time="0.0"/>
  <testcase name="마지막 요소가 target 초과인 경우" classname="study.search.BinarySearchTest$UpperBoundTest" time="0.0"/>
  <testcase name="모든 요소가 target보다 큰 경우" classname="study.search.BinarySearchTest$UpperBoundTest" time="0.0"/>
  <testcase name="단일 요소 배열" classname="study.search.BinarySearchTest$UpperBoundTest" time="0.001"/>
  <testcase name="중복 있는 배열에서 초과인 첫 위치 반환" classname="study.search.BinarySearchTest$UpperBoundTest" time="0.001"/>
  <testcase name="모든 요소가 target보다 작거나 같은 경우" classname="study.search.BinarySearchTest$UpperBoundTest" time="0.001"/>
  <system-out><![CDATA[]]></system-out>
  <system-err><![CDATA[]]></system-err>
</testsuite>
