<?xml version="1.0" encoding="UTF-8"?>
<testsuite name="lowerBound + upperBound 조합" tests="2" skipped="0" failures="0" errors="0" timestamp="2026-01-09T04:11:12" hostname="iyunbog-ui-Macmini.local" time="0.007">
  <properties/>
  <testcase name="범위 내 요소 개수 구하기" classname="study.search.BinarySearchTest$CombinationTest" time="0.006"/>
  <testcase name="target 개수 구하기" classname="study.search.BinarySearchTest$CombinationTest" time="0.0"/>
  <system-out><![CDATA[]]></system-out>
  <system-err><![CDATA[]]></system-err>
</testsuite>
